[INFO] Scanning for projects...
[INFO] 
[INFO] --------------------< com.taskflow:project-service >--------------------
[INFO] Building project-service 0.0.1-SNAPSHOT
[INFO]   from pom.xml
[INFO] --------------------------------[ jar ]---------------------------------
[INFO] 
[INFO] --- clean:3.4.0:clean (default-clean) @ project-service ---
[INFO] Deleting D:\G Drive\task-management-system-jira\backend\project-service\target
[INFO] 
[INFO] --- resources:3.3.1:resources (default-resources) @ project-service ---
[INFO] Copying 1 resource from src\main\resources to target\classes
[INFO] Copying 0 resource from src\main\resources to target\classes
[INFO] 
[INFO] --- compiler:3.13.0:compile (default-compile) @ project-service ---
[INFO] Recompiling the module because of changed source code.
[INFO] Compiling 22 source files with javac [debug parameters release 17] to target\classes
[INFO] -------------------------------------------------------------
[ERROR] COMPILATION ERROR : 
[INFO] -------------------------------------------------------------
[ERROR] /D:/G Drive/task-management-system-jira/backend/project-service/src/main/java/com/taskflow/project_service/controllers/ProjectController.java:[13,11] cannot find symbol
  symbol: class RestController
[ERROR] /D:/G Drive/task-management-system-jira/backend/project-service/src/main/java/com/taskflow/project_service/controllers/ProjectController.java:[13,28] cannot find symbol
  symbol: class RequestMapping
[ERROR] /D:/G Drive/task-management-system-jira/backend/project-service/src/main/java/com/taskflow/project_service/controllers/ProjectController.java:[22,7] cannot find symbol
  symbol:   class GetMapping
  location: class com.taskflow.project_service.controllers.ProjectController
[ERROR] /D:/G Drive/task-management-system-jira/backend/project-service/src/main/java/com/taskflow/project_service/controllers/ProjectController.java:[32,12] cannot find symbol
  symbol:   class PathVariable
  location: class com.taskflow.project_service.controllers.ProjectController
[ERROR] /D:/G Drive/task-management-system-jira/backend/project-service/src/main/java/com/taskflow/project_service/controllers/ProjectController.java:[27,32] cannot find symbol
  symbol:   class GetMapping
  location: class com.taskflow.project_service.controllers.ProjectController
[ERROR] /D:/G Drive/task-management-system-jira/backend/project-service/src/main/java/com/taskflow/project_service/controllers/ProjectController.java:[40,18] cannot find symbol
  symbol:   class RequestBody
  location: class com.taskflow.project_service.controllers.ProjectController
[ERROR] /D:/G Drive/task-management-system-jira/backend/project-service/src/main/java/com/taskflow/project_service/controllers/ProjectController.java:[35,25] cannot find symbol
  symbol:   class PostMapping
  location: class com.taskflow.project_service.controllers.ProjectController
[ERROR] /D:/G Drive/task-management-system-jira/backend/project-service/src/main/java/com/taskflow/project_service/controllers/ProjectController.java:[46,11] cannot find symbol
  symbol:   class PathVariable
  location: class com.taskflow.project_service.controllers.ProjectController
[ERROR] /D:/G Drive/task-management-system-jira/backend/project-service/src/main/java/com/taskflow/project_service/controllers/ProjectController.java:[46,41] cannot find symbol
  symbol:   class RequestBody
  location: class com.taskflow.project_service.controllers.ProjectController
[ERROR] /D:/G Drive/task-management-system-jira/backend/project-service/src/main/java/com/taskflow/project_service/controllers/ProjectController.java:[41,41] cannot find symbol
  symbol:   class PutMapping
  location: class com.taskflow.project_service.controllers.ProjectController
[ERROR] /D:/G Drive/task-management-system-jira/backend/project-service/src/main/java/com/taskflow/project_service/controllers/ProjectController.java:[55,43] cannot find symbol
  symbol:   class PathVariable
  location: class com.taskflow.project_service.controllers.ProjectController
[ERROR] /D:/G Drive/task-management-system-jira/backend/project-service/src/main/java/com/taskflow/project_service/controllers/ProjectController.java:[50,30] cannot find symbol
  symbol:   class DeleteMapping
  location: class com.taskflow.project_service.controllers.ProjectController
[ERROR] /D:/G Drive/task-management-system-jira/backend/project-service/src/main/java/com/taskflow/project_service/controllers/ProjectController.java:[67,18] cannot find symbol
  symbol:   class PathVariable
  location: class com.taskflow.project_service.controllers.ProjectController
[ERROR] /D:/G Drive/task-management-system-jira/backend/project-service/src/main/java/com/taskflow/project_service/controllers/ProjectController.java:[61,30] cannot find symbol
  symbol:   class GetMapping
  location: class com.taskflow.project_service.controllers.ProjectController
[INFO] 14 errors 
[INFO] -------------------------------------------------------------
[INFO] ------------------------------------------------------------------------
[INFO] BUILD FAILURE
[INFO] ------------------------------------------------------------------------
[INFO] Total time:  19.909 s
[INFO] Finished at: 2026-01-05T17:40:17+05:30
[INFO] ------------------------------------------------------------------------
[ERROR] Failed to execute goal org.apache.maven.plugins:maven-compiler-plugin:3.13.0:compile (default-compile) on project project-service: Compilation failure: Compilation failure: 
[ERROR] /D:/G Drive/task-management-system-jira/backend/project-service/src/main/java/com/taskflow/project_service/controllers/ProjectController.java:[13,11] cannot find symbol
[ERROR]   symbol: class RestController
[ERROR] /D:/G Drive/task-management-system-jira/backend/project-service/src/main/java/com/taskflow/project_service/controllers/ProjectController.java:[13,28] cannot find symbol
[ERROR]   symbol: class RequestMapping
[ERROR] /D:/G Drive/task-management-system-jira/backend/project-service/src/main/java/com/taskflow/project_service/controllers/ProjectController.java:[22,7] cannot find symbol
[ERROR]   symbol:   class GetMapping
[ERROR]   location: class com.taskflow.project_service.controllers.ProjectController
[ERROR] /D:/G Drive/task-management-system-jira/backend/project-service/src/main/java/com/taskflow/project_service/controllers/ProjectController.java:[32,12] cannot find symbol
[ERROR]   symbol:   class PathVariable
[ERROR]   location: class com.taskflow.project_service.controllers.ProjectController
[ERROR] /D:/G Drive/task-management-system-jira/backend/project-service/src/main/java/com/taskflow/project_service/controllers/ProjectController.java:[27,32] cannot find symbol
[ERROR]   symbol:   class GetMapping
[ERROR]   location: class com.taskflow.project_service.controllers.ProjectController
[ERROR] /D:/G Drive/task-management-system-jira/backend/project-service/src/main/java/com/taskflow/project_service/controllers/ProjectController.java:[40,18] cannot find symbol
[ERROR]   symbol:   class RequestBody
[ERROR]   location: class com.taskflow.project_service.controllers.ProjectController
[ERROR] /D:/G Drive/task-management-system-jira/backend/project-service/src/main/java/com/taskflow/project_service/controllers/ProjectController.java:[35,25] cannot find symbol
[ERROR]   symbol:   class PostMapping
[ERROR]   location: class com.taskflow.project_service.controllers.ProjectController
[ERROR] /D:/G Drive/task-management-system-jira/backend/project-service/src/main/java/com/taskflow/project_service/controllers/ProjectController.java:[46,11] cannot find symbol
[ERROR]   symbol:   class PathVariable
[ERROR]   location: class com.taskflow.project_service.controllers.ProjectController
[ERROR] /D:/G Drive/task-management-system-jira/backend/project-service/src/main/java/com/taskflow/project_service/controllers/ProjectController.java:[46,41] cannot find symbol
[ERROR]   symbol:   class RequestBody
[ERROR]   location: class com.taskflow.project_service.controllers.ProjectController
[ERROR] /D:/G Drive/task-management-system-jira/backend/project-service/src/main/java/com/taskflow/project_service/controllers/ProjectController.java:[41,41] cannot find symbol
[ERROR]   symbol:   class PutMapping
[ERROR]   location: class com.taskflow.project_service.controllers.ProjectController
[ERROR] /D:/G Drive/task-management-system-jira/backend/project-service/src/main/java/com/taskflow/project_service/controllers/ProjectController.java:[55,43] cannot find symbol
[ERROR]   symbol:   class PathVariable
[ERROR]   location: class com.taskflow.project_service.controllers.ProjectController
[ERROR] /D:/G Drive/task-management-system-jira/backend/project-service/src/main/java/com/taskflow/project_service/controllers/ProjectController.java:[50,30] cannot find symbol
[ERROR]   symbol:   class DeleteMapping
[ERROR]   location: class com.taskflow.project_service.controllers.ProjectController
[ERROR] /D:/G Drive/task-management-system-jira/backend/project-service/src/main/java/com/taskflow/project_service/controllers/ProjectController.java:[67,18] cannot find symbol
[ERROR]   symbol:   class PathVariable
[ERROR]   location: class com.taskflow.project_service.controllers.ProjectController
[ERROR] /D:/G Drive/task-management-system-jira/backend/project-service/src/main/java/com/taskflow/project_service/controllers/ProjectController.java:[61,30] cannot find symbol
[ERROR]   symbol:   class GetMapping
[ERROR]   location: class com.taskflow.project_service.controllers.ProjectController
[ERROR] -> [Help 1]
[ERROR] 
[ERROR] To see the full stack trace of the errors, re-run Maven with the -e switch.
[ERROR] Re-run Maven using the -X switch to enable full debug logging.
[ERROR] 
[ERROR] For more information about the errors and possible solutions, please read the following articles:
[ERROR] [Help 1] http://cwiki.apache.org/confluence/display/MAVEN/MojoFailureException
