[INFO] Scanning for projects...
[INFO] 
[INFO] --------------------< com.taskflow:project-service >--------------------
[INFO] Building project-service 0.0.1-SNAPSHOT
[INFO]   from pom.xml
[INFO] --------------------------------[ jar ]---------------------------------
[INFO] 
[INFO] --- resources:3.3.1:resources (default-resources) @ project-service ---
[INFO] Copying 1 resource from src\main\resources to target\classes
[INFO] Copying 0 resource from src\main\resources to target\classes
[INFO] 
[INFO] --- compiler:3.13.0:compile (default-compile) @ project-service ---
[INFO] Recompiling the module because of changed source code.
[INFO] Compiling 22 source files with javac [debug parameters release 17] to target\classes
[INFO] -------------------------------------------------------------
[ERROR] COMPILATION ERROR : 
[INFO] -------------------------------------------------------------
[ERROR] /D:/G Drive/task-management-system-jira/backend/project-service/src/main/java/com/taskflow/project_service/controllers/ProjectController.java:[40,62] cannot find symbol
  symbol:   class Valid
  location: class com.taskflow.project_service.controllers.ProjectController
[ERROR] /D:/G Drive/task-management-system-jira/backend/project-service/src/main/java/com/taskflow/project_service/controllers/ProjectController.java:[46,85] cannot find symbol
  symbol:   class Valid
  location: class com.taskflow.project_service.controllers.ProjectController
[INFO] 2 errors 
[INFO] -------------------------------------------------------------
[INFO] ------------------------------------------------------------------------
[INFO] BUILD FAILURE
[INFO] ------------------------------------------------------------------------
[INFO] Total time:  21.193 s
[INFO] Finished at: 2026-01-05T17:37:47+05:30
[INFO] ------------------------------------------------------------------------
[ERROR] Failed to execute goal org.apache.maven.plugins:maven-compiler-plugin:3.13.0:compile (default-compile) on project project-service: Compilation failure: Compilation failure: 
[ERROR] /D:/G Drive/task-management-system-jira/backend/project-service/src/main/java/com/taskflow/project_service/controllers/ProjectController.java:[40,62] cannot find symbol
[ERROR]   symbol:   class Valid
[ERROR]   location: class com.taskflow.project_service.controllers.ProjectController
[ERROR] /D:/G Drive/task-management-system-jira/backend/project-service/src/main/java/com/taskflow/project_service/controllers/ProjectController.java:[46,85] cannot find symbol
[ERROR]   symbol:   class Valid
[ERROR]   location: class com.taskflow.project_service.controllers.ProjectController
[ERROR] -> [Help 1]
[ERROR] 
[ERROR] To see the full stack trace of the errors, re-run Maven with the -e switch.
[ERROR] Re-run Maven using the -X switch to enable full debug logging.
[ERROR] 
[ERROR] For more information about the errors and possible solutions, please read the following articles:
[ERROR] [Help 1] http://cwiki.apache.org/confluence/display/MAVEN/MojoFailureException
